Dec 27, 2014 5:36:17 PM org.apache.catalina.core.AprLifecycleListener init
INFO: The APR based Apache Tomcat Native library which allows optimal performance in production environments was not found on the java.library.path: C:\Program Files\Java\jdk1.8.0_05\bin;C:\Windows\Sun\Java\bin;C:\Windows\system32;C:\Windows;C:\Program Files (x86)\Git\git-cheetah\..\bin;C:\Program Files (x86)\Git\git-cheetah\..\bin;C:\Program Files (x86)\Git\git-cheetah\..\bin;C:\oraclexe\app\oracle\product\11.2.0\server\bin;;C:\Windows\system32;C:\Windows;C:\Windows\System32\Wbem;C:\Windows\System32\WindowsPowerShell\v1.0\;C:\Program Files\TortoiseSVN\bin;C:\Program Files\Java\jdk1.8.0_05\bin;C:\apache-ant-1.9.4\bin;C:\apache-maven-3.2.1\bin;C:\xampp\php\;C:\Ruby200-x64\bin;.
Dec 27, 2014 5:36:18 PM org.apache.coyote.AbstractProtocol init
INFO: Initializing ProtocolHandler ["http-bio-8080"]
Dec 27, 2014 5:36:18 PM org.apache.coyote.AbstractProtocol init
INFO: Initializing ProtocolHandler ["ajp-bio-8009"]
Dec 27, 2014 5:36:18 PM org.apache.catalina.startup.Catalina load
INFO: Initialization processed in 2268 ms
Dec 27, 2014 5:36:18 PM org.apache.catalina.core.StandardService startInternal
INFO: Starting service Catalina
Dec 27, 2014 5:36:18 PM org.apache.catalina.core.StandardEngine startInternal
INFO: Starting Servlet Engine: Apache Tomcat/7.0.42
Dec 27, 2014 5:36:18 PM org.apache.catalina.startup.HostConfig deployWAR
INFO: Deploying web application archive C:\xampp\tomcat\webapps\WebService.war
Dec 27, 2014 5:36:20 PM org.apache.catalina.util.SessionIdGenerator createSecureRandom
INFO: Creation of SecureRandom instance for session ID generation using [SHA1PRNG] took [484] milliseconds.
Dec 27, 2014 5:36:20 PM org.apache.catalina.startup.HostConfig deployDirectory
INFO: Deploying web application directory C:\xampp\tomcat\webapps\docs
Dec 27, 2014 5:36:20 PM org.apache.catalina.startup.HostConfig deployDirectory
INFO: Deploying web application directory C:\xampp\tomcat\webapps\examples
Dec 27, 2014 5:36:21 PM org.apache.catalina.startup.HostConfig deployDirectory
INFO: Deploying web application directory C:\xampp\tomcat\webapps\host-manager
Dec 27, 2014 5:36:21 PM org.apache.catalina.startup.HostConfig deployDirectory
INFO: Deploying web application directory C:\xampp\tomcat\webapps\manager
Dec 27, 2014 5:36:21 PM org.apache.catalina.startup.HostConfig deployDirectory
INFO: Deploying web application directory C:\xampp\tomcat\webapps\ROOT
Dec 27, 2014 5:36:21 PM org.apache.coyote.AbstractProtocol start
INFO: Starting ProtocolHandler ["http-bio-8080"]
Dec 27, 2014 5:36:22 PM org.apache.coyote.AbstractProtocol start
INFO: Starting ProtocolHandler ["ajp-bio-8009"]
Dec 27, 2014 5:36:22 PM org.apache.catalina.startup.Catalina start
INFO: Server startup in 3419 ms
Dec 27, 2014 5:37:57 PM org.apache.catalina.startup.HostConfig deployWAR
INFO: Deploying web application archive C:\xampp\tomcat\webapps\speaking.war
Dec 27, 2014 5:38:03 PM org.apache.catalina.loader.WebappClassLoader validateJarFile
INFO: validateJarFile(C:\xampp\tomcat\webapps\speaking\WEB-INF\lib\javax.servlet-api-3.0.1.jar) - jar not loaded. See Servlet Spec 2.3, section 9.7.2. Offending class: javax/servlet/Servlet.class
Dec 27, 2014 5:38:03 PM org.apache.catalina.loader.WebappClassLoader validateJarFile
INFO: validateJarFile(C:\xampp\tomcat\webapps\speaking\WEB-INF\lib\servlet-api-2.5.jar) - jar not loaded. See Servlet Spec 2.3, section 9.7.2. Offending class: javax/servlet/Servlet.class
Dec 27, 2014 5:38:24 PM org.apache.jasper.compiler.TldLocationsCache tldScanJar
INFO: At least one JAR was scanned for TLDs yet contained no TLDs. Enable debug logging for this logger for a complete list of JARs that were scanned but no TLDs were found in them. Skipping unneeded JARs during scanning can improve startup time and JSP compilation time.
Dec 27, 2014 5:40:03 PM org.apache.catalina.loader.WebappClassLoader clearReferencesJdbc
SEVERE: The web application [/speaking] registered the JDBC driver [com.mysql.jdbc.Driver] but failed to unregister it when the web application was stopped. To prevent a memory leak, the JDBC Driver has been forcibly unregistered.
Dec 27, 2014 5:40:03 PM org.apache.catalina.loader.WebappClassLoader clearReferencesThreads
SEVERE: The web application [/speaking] appears to have started a thread named [Abandoned connection cleanup thread] but has failed to stop it. This is very likely to create a memory leak.
Dec 27, 2014 5:40:03 PM org.apache.catalina.loader.WebappClassLoader checkThreadLocalMapForLeaks
SEVERE: The web application [/speaking] created a ThreadLocal with key of type [java.lang.ThreadLocal] (value [java.lang.ThreadLocal@345fb60]) and a value of type [org.hibernate.internal.SessionFactoryImpl] (value [org.hibernate.internal.SessionFactoryImpl@4632275e]) but failed to remove it when the web application was stopped. Threads are going to be renewed over time to try and avoid a probable memory leak.
Dec 27, 2014 5:40:05 PM org.apache.catalina.startup.HostConfig deleteRedeployResources
INFO: Undeploying context [/speaking]
Dec 27, 2014 5:42:52 PM org.apache.catalina.startup.HostConfig deployWAR
INFO: Deploying web application archive C:\xampp\tomcat\webapps\speaking.war
